1688393683028:1
1688393689824:help
1688393696525:t
1688393701316:test
1688393710807:exit
1688393723013:t
1688393781412:test
1688393838690:help
1688393844808:quit
1688393873668:exit
1688393905981:help
1688393918531:clear
1688393924276:test
1688393932554:t
1688393948692:test
1688393958696:t
1688393967209:exit
1688394028032:1
1688394029202:2
1688394030766:t
1688394043123:test
1688394053841:t
1688394430083:test
1688394438979:exit
1688394482937:n qwer
1688394486434:snqwe
1688394491290:sn wqw
1688394499293:t
1688394509207:exit
1688394595801:s qwe sn QQ
1688394603182:t
1688394617367:quit
1689593573147:run
1689593577948:help
1689593587554:test
1689593598084:exit
